  Game.cpp
  GameStateBase.cpp
  GameStateMainMenu.cpp
  SpaceInvadersRedux.cpp
  Generating Code...
Game.obj : error LNK2019: unresolved external symbol "__declspec(dllimport) public: __thiscall sf::VideoMode::VideoMode(class sf::Vector2<unsigned int>,unsigned int)" (__imp_??0VideoMode@sf@@QAE@V?$Vector2@I@1@I@Z) referenced in function "public: bool __thiscall Game::initGame(void)" (?initGame@Game@@QAE_NXZ)
Game.obj : error LNK2019: unresolved external symbol "__declspec(dllimport) public: bool __thiscall sf::WindowBase::isOpen(void)const " (__imp_?isOpen@WindowBase@sf@@QBE_NXZ) referenced in function "public: void __thiscall Game::runGame(void)" (?runGame@Game@@QAEXXZ)
Game.obj : error LNK2019: unresolved external symbol "__declspec(dllimport) public: __thiscall sf::String::String(char const *,class std::locale const &)" (__imp_??0String@sf@@QAE@PBDABVlocale@std@@@Z) referenced in function "public: bool __thiscall Game::initGame(void)" (?initGame@Game@@QAE_NXZ)
GameStateMainMenu.obj : error LNK2001: unresolved external symbol "__declspec(dllimport) public: __thiscall sf::String::String(char const *,class std::locale const &)" (__imp_??0String@sf@@QAE@PBDABVlocale@std@@@Z)
Game.obj : error LNK2019: unresolved external symbol "__declspec(dllimport) public: __thiscall sf::String::~String(void)" (__imp_??1String@sf@@QAE@XZ) referenced in function "public: bool __thiscall Game::initGame(void)" (?initGame@Game@@QAE_NXZ)
Game.obj : error LNK2019: unresolved external symbol "__declspec(dllimport) public: class sf::Time __thiscall sf::Clock::restart(void)" (__imp_?restart@Clock@sf@@QAE?AVTime@2@XZ) referenced in function "public: void __thiscall Game::runGame(void)" (?runGame@Game@@QAEXXZ)
Game.obj : error LNK2019: unresolved external symbol "__declspec(dllimport) public: __thiscall sf::Clock::Clock(void)" (__imp_??0Clock@sf@@QAE@XZ) referenced in function "public: void __thiscall Game::runGame(void)" (?runGame@Game@@QAEXXZ)
Game.obj : error LNK2019: unresolved external symbol "__declspec(dllimport) public: __thiscall sf::RenderWindow::RenderWindow(void)" (__imp_??0RenderWindow@sf@@QAE@XZ) referenced in function "public: __thiscall Game::Game(void)" (??0Game@@QAE@XZ)
Game.obj : error LNK2019: unresolved external symbol "__declspec(dllimport) public: virtual __thiscall sf::RenderWindow::~RenderWindow(void)" (__imp_??1RenderWindow@sf@@UAE@XZ) referenced in function __unwindfunclet$??0Game@@QAE@XZ$0
SpaceInvadersRedux.obj : error LNK2001: unresolved external symbol "__declspec(dllimport) public: virtual __thiscall sf::RenderWindow::~RenderWindow(void)" (__imp_??1RenderWindow@sf@@UAE@XZ)
GameStateBase.obj : error LNK2019: unresolved external symbol "__declspec(dllimport) public: void __thiscall sf::RenderTarget::draw(class sf::Drawable const &,struct sf::RenderStates const &)" (__imp_?draw@RenderTarget@sf@@QAEXABVDrawable@2@ABURenderStates@2@@Z) referenced in function "public: virtual void __thiscall GameStateBase::drawObjects(class sf::RenderWindow &)" (?drawObjects@GameStateBase@@UAEXAAVRenderWindow@sf@@@Z)
GameStateMainMenu.obj : error LNK2001: unresolved external symbol "__declspec(dllimport) public: void __thiscall sf::RenderTarget::draw(class sf::Drawable const &,struct sf::RenderStates const &)" (__imp_?draw@RenderTarget@sf@@QAEXABVDrawable@2@ABURenderStates@2@@Z)
GameStateBase.obj : error LNK2019: unresolved external symbol "__declspec(dllimport) public: static struct sf::RenderStates const sf::RenderStates::Default" (__imp_?Default@RenderStates@sf@@2U12@B) referenced in function "public: virtual void __thiscall GameStateBase::drawObjects(class sf::RenderWindow &)" (?drawObjects@GameStateBase@@UAEXAAVRenderWindow@sf@@@Z)
GameStateMainMenu.obj : error LNK2001: unresolved external symbol "__declspec(dllimport) public: static struct sf::RenderStates const sf::RenderStates::Default" (__imp_?Default@RenderStates@sf@@2U12@B)
GameStateMainMenu.obj : error LNK2019: unresolved external symbol "__declspec(dllimport) public: virtual __thiscall sf::Drawable::~Drawable(void)" (__imp_??1Drawable@sf@@UAE@XZ) referenced in function __unwindfunclet$??0GameObjectBase@@QAE@XZ$0
GameStateMainMenu.obj : error LNK2019: unresolved external symbol "__declspec(dllimport) public: __thiscall sf::Drawable::Drawable(void)" (__imp_??0Drawable@sf@@QAE@XZ) referenced in function "public: __thiscall GameObjectBase::GameObjectBase(void)" (??0GameObjectBase@@QAE@XZ)
GameStateMainMenu.obj : error LNK2019: unresolved external symbol "__declspec(dllimport) public: __thiscall sf::Transformable::Transformable(void)" (__imp_??0Transformable@sf@@QAE@XZ) referenced in function "public: __thiscall GameObjectBase::GameObjectBase(void)" (??0GameObjectBase@@QAE@XZ)
GameStateMainMenu.obj : error LNK2019: unresolved external symbol "__declspec(dllimport) public: virtual __thiscall sf::Transformable::~Transformable(void)" (__imp_??1Transformable@sf@@UAE@XZ) referenced in function "public: virtual __thiscall GameObjectBase::~GameObjectBase(void)" (??1GameObjectBase@@UAE@XZ)
GameStateMainMenu.obj : error LNK2019: unresolved external symbol "__declspec(dllimport) public: __thiscall sf::Text::Text(class sf::Font const &,class sf::String,unsigned int)" (__imp_??0Text@sf@@QAE@ABVFont@1@VString@1@I@Z) referenced in function "public: __thiscall TextWidget::TextWidget(void)" (??0TextWidget@@QAE@XZ)
GameStateMainMenu.obj : error LNK2019: unresolved external symbol "__declspec(dllimport) public: virtual __thiscall sf::Text::~Text(void)" (__imp_??1Text@sf@@UAE@XZ) referenced in function "public: virtual __thiscall TextWidget::~TextWidget(void)" (??1TextWidget@@UAE@XZ)
GameStateMainMenu.obj : error LNK2019: unresolved external symbol "__declspec(dllimport) public: __thiscall sf::Font::Font(class std::filesystem::path const &)" (__imp_??0Font@sf@@QAE@ABVpath@filesystem@std@@@Z) referenced in function "public: __thiscall TextWidget::TextWidget(void)" (??0TextWidget@@QAE@XZ)
GameStateMainMenu.obj : error LNK2019: unresolved external symbol "__declspec(dllimport) public: __thiscall sf::Font::~Font(void)" (__imp_??1Font@sf@@QAE@XZ) referenced in function __unwindfunclet$??0TextWidget@@QAE@XZ$2
lib\sfml-audio-d.lib : warning LNK4272: library machine type 'x64' conflicts with target machine type 'x86'
lib\sfml-graphics-d.lib : warning LNK4272: library machine type 'x64' conflicts with target machine type 'x86'
lib\sfml-network-d.lib : warning LNK4272: library machine type 'x64' conflicts with target machine type 'x86'
lib\sfml-system-d.lib : warning LNK4272: library machine type 'x64' conflicts with target machine type 'x86'
lib\sfml-window-d.lib : warning LNK4272: library machine type 'x64' conflicts with target machine type 'x86'
C:\Users\Thomas Berger\Desktop\Perso\SFMLProjects\space-invaders-redux-sfml\SpaceInvadersRedux\x64\Debug\SpaceInvadersRedux.exe : fatal error LNK1120: 18 unresolved externals
